{"contracts/WardenPledge.sol":{"l":{"137":321,"138":321,"140":321,"142":321,"154":219,"164":6,"173":2,"182":104,"196":32,"207":5,"209":3,"211":3,"223":35,"224":34,"227":32,"228":32,"229":30,"233":29,"234":29,"237":27,"240":27,"241":27,"244":26,"247":25,"255":25,"256":25,"262":25,"264":25,"266":25,"267":25,"270":25,"272":25,"307":76,"309":76,"310":74,"311":73,"312":72,"314":71,"315":70,"317":69,"318":69,"319":69,"324":68,"326":68,"327":68,"328":68,"329":67,"332":66,"334":66,"336":66,"339":66,"341":66,"351":66,"352":66,"354":66,"356":66,"373":13,"374":12,"375":12,"377":9,"378":9,"379":8,"380":7,"381":6,"382":6,"384":4,"385":4,"386":3,"387":3,"388":3,"389":2,"393":1,"395":1,"398":1,"400":1,"402":1,"419":11,"420":10,"421":10,"423":7,"424":7,"425":6,"427":5,"428":5,"429":4,"430":4,"431":4,"432":4,"433":4,"434":3,"437":2,"439":2,"442":2,"444":2,"446":2,"456":10,"457":9,"458":9,"459":7,"461":6,"462":6,"465":5,"468":5,"470":5,"472":4,"474":4,"476":4,"488":14,"489":13,"490":13,"491":11,"493":10,"494":10,"495":9,"498":8,"501":8,"503":8,"505":8,"507":8,"509":8,"513":8,"525":179,"526":176,"527":173,"529":171,"531":171,"541":89,"543":89,"544":88,"546":86,"547":170,"549":165,"560":9,"570":5,"571":4,"572":2,"574":1,"576":1,"585":6,"586":5,"588":3,"590":3,"599":2,"600":1,"601":1,"603":1,"612":2,"613":1,"614":1,"616":1,"625":2,"626":1,"627":1,"629":1,"636":2,"643":1,"653":2,"655":1,"656":1,"657":1,"659":1,"665":67,"666":67},"path":"/home/valentin/2022-10-paladin/contracts/WardenPledge.sol","s":{"1":321,"2":321,"3":321,"4":321,"5":219,"6":6,"7":2,"8":104,"9":32,"10":5,"11":3,"12":3,"13":35,"14":34,"15":32,"16":32,"17":30,"18":29,"19":1,"20":29,"21":27,"22":27,"23":27,"24":26,"25":25,"26":25,"27":25,"28":25,"29":25,"30":25,"31":25,"32":25,"33":25,"34":76,"35":76,"36":74,"37":73,"38":72,"39":71,"40":70,"41":69,"42":69,"43":69,"44":68,"45":68,"46":68,"47":68,"48":67,"49":66,"50":66,"51":66,"52":66,"53":66,"54":66,"55":66,"56":66,"57":66,"58":13,"59":12,"60":12,"61":9,"62":9,"63":8,"64":7,"65":6,"66":6,"67":4,"68":4,"69":3,"70":3,"71":3,"72":2,"73":1,"74":1,"75":1,"76":1,"77":1,"78":11,"79":10,"80":10,"81":7,"82":7,"83":6,"84":5,"85":5,"86":4,"87":4,"88":4,"89":4,"90":4,"91":3,"92":2,"93":2,"94":2,"95":2,"96":2,"97":10,"98":9,"99":9,"100":7,"101":6,"102":6,"103":5,"104":5,"105":4,"106":5,"107":4,"108":4,"109":4,"110":14,"111":13,"112":13,"113":11,"114":10,"115":10,"116":9,"117":8,"118":8,"119":8,"120":8,"121":8,"122":8,"123":8,"124":179,"125":176,"126":173,"127":171,"128":171,"129":89,"130":89,"131":88,"132":86,"133":170,"134":9,"135":5,"136":4,"137":2,"138":1,"139":1,"140":6,"141":5,"142":3,"143":3,"144":2,"145":1,"146":1,"147":1,"148":2,"149":1,"150":1,"151":1,"152":2,"153":1,"154":1,"155":1,"156":2,"157":1,"158":2,"159":1,"160":1,"161":1,"162":1,"163":67,"164":67},"b":{"1":[2,3],"2":[1,34],"3":[2,32],"4":[2,30],"5":[1,29],"6":[1,28],"7":[2,27],"8":[1,26],"9":[1,25],"10":[0,25],"11":[2,74],"12":[1,73],"13":[1,72],"14":[1,71],"15":[1,70],"16":[1,69],"17":[1,68],"18":[1,67],"19":[1,66],"20":[1,12],"21":[3,9],"22":[1,8],"23":[1,7],"24":[1,6],"25":[2,4],"26":[1,3],"27":[1,2],"28":[1,1],"29":[1,10],"30":[3,7],"31":[1,6],"32":[1,5],"33":[1,4],"34":[1,3],"35":[1,2],"36":[1,9],"37":[2,7],"38":[1,6],"39":[1,5],"40":[4,1],"41":[4,1],"42":[1,13],"43":[2,11],"44":[1,10],"45":[1,9],"46":[1,8],"47":[8,0],"48":[3,176],"49":[3,173],"50":[2,171],"51":[1,88],"52":[2,86],"53":[1,4],"54":[2,2],"55":[1,1],"56":[1,5],"57":[2,3],"58":[1,1],"59":[1,1],"60":[1,1],"61":[1,1],"62":[0,1],"63":[0,67]},"f":{"1":321,"2":219,"3":6,"4":2,"5":104,"6":32,"7":5,"8":35,"9":76,"10":13,"11":11,"12":10,"13":14,"14":179,"15":89,"16":9,"17":5,"18":6,"19":2,"20":2,"21":2,"22":2,"23":1,"24":2,"25":67},"fnMap":{"1":{"name":"constructor","line":131,"loc":{"start":{"line":131,"column":4},"end":{"line":143,"column":4}}},"2":{"name":"pledgesIndex","line":153,"loc":{"start":{"line":153,"column":4},"end":{"line":155,"column":4}}},"3":{"name":"getUserPledges","line":163,"loc":{"start":{"line":163,"column":4},"end":{"line":165,"column":4}}},"4":{"name":"getAllPledges","line":172,"loc":{"start":{"line":172,"column":4},"end":{"line":174,"column":4}}},"5":{"name":"_getRoundedTimestamp","line":181,"loc":{"start":{"line":181,"column":4},"end":{"line":183,"column":4}}},"6":{"name":"pledge","line":195,"loc":{"start":{"line":195,"column":4},"end":{"line":197,"column":4}}},"7":{"name":"pledgePercent","line":206,"loc":{"start":{"line":206,"column":4},"end":{"line":213,"column":4}}},"8":{"name":"_pledge","line":222,"loc":{"start":{"line":222,"column":4},"end":{"line":273,"column":4}}},"9":{"name":"createPledge","line":306,"loc":{"start":{"line":298,"column":4},"end":{"line":357,"column":4}}},"10":{"name":"extendPledge","line":372,"loc":{"start":{"line":367,"column":4},"end":{"line":403,"column":4}}},"11":{"name":"increasePledgeRewardPerVote","line":418,"loc":{"start":{"line":413,"column":4},"end":{"line":447,"column":4}}},"12":{"name":"retrievePledgeRewards","line":455,"loc":{"start":{"line":455,"column":4},"end":{"line":479,"column":4}}},"13":{"name":"closePledge","line":487,"loc":{"start":{"line":487,"column":4},"end":{"line":514,"column":4}}},"14":{"name":"_addRewardToken","line":524,"loc":{"start":{"line":524,"column":4},"end":{"line":532,"column":4}}},"15":{"name":"addMultipleRewardToken","line":540,"loc":{"start":{"line":540,"column":4},"end":{"line":551,"column":4}}},"16":{"name":"addRewardToken","line":559,"loc":{"start":{"line":559,"column":4},"end":{"line":561,"column":4}}},"17":{"name":"updateRewardToken","line":569,"loc":{"start":{"line":569,"column":4},"end":{"line":577,"column":4}}},"18":{"name":"removeRewardToken","line":584,"loc":{"start":{"line":584,"column":4},"end":{"line":591,"column":4}}},"19":{"name":"updateChest","line":598,"loc":{"start":{"line":598,"column":4},"end":{"line":604,"column":4}}},"20":{"name":"updateMinTargetVotes","line":611,"loc":{"start":{"line":611,"column":4},"end":{"line":617,"column":4}}},"21":{"name":"updatePlatformFee","line":624,"loc":{"start":{"line":624,"column":4},"end":{"line":630,"column":4}}},"22":{"name":"pause","line":635,"loc":{"start":{"line":635,"column":4},"end":{"line":637,"column":4}}},"23":{"name":"unpause","line":642,"loc":{"start":{"line":642,"column":4},"end":{"line":644,"column":4}}},"24":{"name":"recoverERC20","line":652,"loc":{"start":{"line":652,"column":4},"end":{"line":660,"column":4}}},"25":{"name":"safe64","line":664,"loc":{"start":{"line":664,"column":4},"end":{"line":667,"column":4}}}},"statementMap":{"1":{"start":{"line":137,"column":8},"end":{"line":137,"column":50}},"2":{"start":{"line":138,"column":8},"end":{"line":138,"column":51}},"3":{"start":{"line":140,"column":8},"end":{"line":140,"column":35}},"4":{"start":{"line":142,"column":8},"end":{"line":142,"column":39}},"5":{"start":{"line":154,"column":8},"end":{"line":154,"column":29}},"6":{"start":{"line":164,"column":8},"end":{"line":164,"column":33}},"7":{"start":{"line":173,"column":8},"end":{"line":173,"column":22}},"8":{"start":{"line":182,"column":8},"end":{"line":182,"column":40}},"9":{"start":{"line":196,"column":8},"end":{"line":196,"column":58}},"10":{"start":{"line":207,"column":8},"end":{"line":207,"column":60}},"11":{"start":{"line":209,"column":8},"end":{"line":209,"column":81}},"12":{"start":{"line":211,"column":8},"end":{"line":211,"column":58}},"13":{"start":{"line":223,"column":8},"end":{"line":223,"column":70}},"14":{"start":{"line":224,"column":8},"end":{"line":224,"column":49}},"15":{"start":{"line":227,"column":8},"end":{"line":227,"column":54}},"16":{"start":{"line":228,"column":8},"end":{"line":228,"column":60}},"17":{"start":{"line":229,"column":8},"end":{"line":229,"column":86}},"18":{"start":{"line":233,"column":8},"end":{"line":233,"column":70}},"19":{"start":{"line":233,"column":30},"end":{"line":233,"column":69}},"20":{"start":{"line":234,"column":8},"end":{"line":234,"column":142}},"21":{"start":{"line":237,"column":8},"end":{"line":237,"column":62}},"22":{"start":{"line":240,"column":8},"end":{"line":240,"column":44}},"23":{"start":{"line":241,"column":8},"end":{"line":241,"column":91}},"24":{"start":{"line":244,"column":8},"end":{"line":244,"column":142}},"25":{"start":{"line":247,"column":8},"end":{"line":247,"column":9265}},"26":{"start":{"line":255,"column":8},"end":{"line":255,"column":46}},"27":{"start":{"line":256,"column":8},"end":{"line":256,"column":44}},"28":{"start":{"line":262,"column":8},"end":{"line":262,"column":74}},"29":{"start":{"line":264,"column":8},"end":{"line":264,"column":89}},"30":{"start":{"line":266,"column":8},"end":{"line":266,"column":102}},"31":{"start":{"line":267,"column":8},"end":{"line":267,"column":61}},"32":{"start":{"line":270,"column":8},"end":{"line":270,"column":72}},"33":{"start":{"line":272,"column":8},"end":{"line":272,"column":58}},"34":{"start":{"line":307,"column":8},"end":{"line":307,"column":36}},"35":{"start":{"line":309,"column":8},"end":{"line":309,"column":91}},"36":{"start":{"line":310,"column":8},"end":{"line":310,"column":75}},"37":{"start":{"line":311,"column":8},"end":{"line":311,"column":86}},"38":{"start":{"line":312,"column":8},"end":{"line":312,"column":97}},"39":{"start":{"line":314,"column":8},"end":{"line":314,"column":62}},"40":{"start":{"line":315,"column":8},"end":{"line":315,"column":98}},"41":{"start":{"line":317,"column":8},"end":{"line":317,"column":36}},"42":{"start":{"line":318,"column":8},"end":{"line":318,"column":53}},"43":{"start":{"line":319,"column":8},"end":{"line":319,"column":78}},"44":{"start":{"line":324,"column":8},"end":{"line":324,"column":76}},"45":{"start":{"line":326,"column":8},"end":{"line":326,"column":93}},"46":{"start":{"line":327,"column":8},"end":{"line":327,"column":77}},"47":{"start":{"line":328,"column":8},"end":{"line":328,"column":103}},"48":{"start":{"line":329,"column":8},"end":{"line":329,"column":79}},"49":{"start":{"line":332,"column":8},"end":{"line":332,"column":91}},"50":{"start":{"line":334,"column":8},"end":{"line":334,"column":82}},"51":{"start":{"line":336,"column":8},"end":{"line":336,"column":40}},"52":{"start":{"line":339,"column":8},"end":{"line":339,"column":79}},"53":{"start":{"line":341,"column":8},"end":{"line":341,"column":13674}},"54":{"start":{"line":351,"column":8},"end":{"line":351,"column":46}},"55":{"start":{"line":352,"column":8},"end":{"line":352,"column":51}},"56":{"start":{"line":354,"column":8},"end":{"line":354,"column":96}},"57":{"start":{"line":356,"column":8},"end":{"line":356,"column":31}},"58":{"start":{"line":373,"column":8},"end":{"line":373,"column":70}},"59":{"start":{"line":374,"column":8},"end":{"line":374,"column":47}},"60":{"start":{"line":375,"column":8},"end":{"line":375,"column":66}},"61":{"start":{"line":377,"column":8},"end":{"line":377,"column":55}},"62":{"start":{"line":378,"column":8},"end":{"line":378,"column":60}},"63":{"start":{"line":379,"column":8},"end":{"line":379,"column":86}},"64":{"start":{"line":380,"column":8},"end":{"line":380,"column":65}},"65":{"start":{"line":381,"column":8},"end":{"line":381,"column":59}},"66":{"start":{"line":382,"column":8},"end":{"line":382,"column":141}},"67":{"start":{"line":384,"column":8},"end":{"line":384,"column":65}},"68":{"start":{"line":385,"column":8},"end":{"line":385,"column":78}},"69":{"start":{"line":386,"column":8},"end":{"line":386,"column":118}},"70":{"start":{"line":387,"column":8},"end":{"line":387,"column":77}},"71":{"start":{"line":388,"column":8},"end":{"line":388,"column":98}},"72":{"start":{"line":389,"column":8},"end":{"line":389,"column":74}},"73":{"start":{"line":393,"column":8},"end":{"line":393,"column":99}},"74":{"start":{"line":395,"column":8},"end":{"line":395,"column":90}},"75":{"start":{"line":398,"column":8},"end":{"line":398,"column":58}},"76":{"start":{"line":400,"column":8},"end":{"line":400,"column":66}},"77":{"start":{"line":402,"column":8},"end":{"line":402,"column":77}},"78":{"start":{"line":419,"column":8},"end":{"line":419,"column":70}},"79":{"start":{"line":420,"column":8},"end":{"line":420,"column":47}},"80":{"start":{"line":421,"column":8},"end":{"line":421,"column":66}},"81":{"start":{"line":423,"column":8},"end":{"line":423,"column":55}},"82":{"start":{"line":424,"column":8},"end":{"line":424,"column":60}},"83":{"start":{"line":425,"column":8},"end":{"line":425,"column":86}},"84":{"start":{"line":427,"column":8},"end":{"line":427,"column":61}},"85":{"start":{"line":428,"column":8},"end":{"line":428,"column":86}},"86":{"start":{"line":429,"column":8},"end":{"line":429,"column":79}},"87":{"start":{"line":430,"column":8},"end":{"line":430,"column":71}},"88":{"start":{"line":431,"column":8},"end":{"line":431,"column":113}},"89":{"start":{"line":432,"column":8},"end":{"line":432,"column":77}},"90":{"start":{"line":433,"column":8},"end":{"line":433,"column":98}},"91":{"start":{"line":434,"column":8},"end":{"line":434,"column":74}},"92":{"start":{"line":437,"column":8},"end":{"line":437,"column":99}},"93":{"start":{"line":439,"column":8},"end":{"line":439,"column":90}},"94":{"start":{"line":442,"column":8},"end":{"line":442,"column":52}},"95":{"start":{"line":444,"column":8},"end":{"line":444,"column":66}},"96":{"start":{"line":446,"column":8},"end":{"line":446,"column":86}},"97":{"start":{"line":456,"column":8},"end":{"line":456,"column":70}},"98":{"start":{"line":457,"column":8},"end":{"line":457,"column":47}},"99":{"start":{"line":458,"column":8},"end":{"line":458,"column":66}},"100":{"start":{"line":459,"column":8},"end":{"line":459,"column":62}},"101":{"start":{"line":461,"column":8},"end":{"line":461,"column":55}},"102":{"start":{"line":462,"column":8},"end":{"line":462,"column":88}},"103":{"start":{"line":465,"column":8},"end":{"line":465,"column":72}},"104":{"start":{"line":468,"column":8},"end":{"line":468,"column":59}},"105":{"start":{"line":468,"column":33},"end":{"line":468,"column":58}},"106":{"start":{"line":470,"column":8},"end":{"line":470,"column":19977}},"107":{"start":{"line":472,"column":12},"end":{"line":472,"column":53}},"108":{"start":{"line":474,"column":12},"end":{"line":474,"column":83}},"109":{"start":{"line":476,"column":12},"end":{"line":476,"column":76}},"110":{"start":{"line":488,"column":8},"end":{"line":488,"column":70}},"111":{"start":{"line":489,"column":8},"end":{"line":489,"column":47}},"112":{"start":{"line":490,"column":8},"end":{"line":490,"column":66}},"113":{"start":{"line":491,"column":8},"end":{"line":491,"column":62}},"114":{"start":{"line":493,"column":8},"end":{"line":493,"column":55}},"115":{"start":{"line":494,"column":8},"end":{"line":494,"column":67}},"116":{"start":{"line":495,"column":8},"end":{"line":495,"column":86}},"117":{"start":{"line":498,"column":8},"end":{"line":498,"column":33}},"118":{"start":{"line":501,"column":8},"end":{"line":501,"column":72}},"119":{"start":{"line":503,"column":8},"end":{"line":503,"column":21445}},"120":{"start":{"line":505,"column":12},"end":{"line":505,"column":53}},"121":{"start":{"line":507,"column":12},"end":{"line":507,"column":83}},"122":{"start":{"line":509,"column":12},"end":{"line":509,"column":76}},"123":{"start":{"line":513,"column":8},"end":{"line":513,"column":34}},"124":{"start":{"line":525,"column":8},"end":{"line":525,"column":80}},"125":{"start":{"line":526,"column":8},"end":{"line":526,"column":59}},"126":{"start":{"line":527,"column":8},"end":{"line":527,"column":61}},"127":{"start":{"line":529,"column":8},"end":{"line":529,"column":55}},"128":{"start":{"line":531,"column":8},"end":{"line":531,"column":54}},"129":{"start":{"line":541,"column":8},"end":{"line":541,"column":38}},"130":{"start":{"line":543,"column":8},"end":{"line":543,"column":50}},"131":{"start":{"line":544,"column":8},"end":{"line":544,"column":82}},"132":{"start":{"line":546,"column":8},"end":{"line":546,"column":23044}},"133":{"start":{"line":547,"column":12},"end":{"line":547,"column":61}},"134":{"start":{"line":560,"column":8},"end":{"line":560,"column":49}},"135":{"start":{"line":570,"column":8},"end":{"line":570,"column":59}},"136":{"start":{"line":571,"column":8},"end":{"line":571,"column":76}},"137":{"start":{"line":572,"column":8},"end":{"line":572,"column":64}},"138":{"start":{"line":574,"column":8},"end":{"line":574,"column":55}},"139":{"start":{"line":576,"column":8},"end":{"line":576,"column":57}},"140":{"start":{"line":585,"column":8},"end":{"line":585,"column":59}},"141":{"start":{"line":586,"column":8},"end":{"line":586,"column":76}},"142":{"start":{"line":588,"column":8},"end":{"line":588,"column":38}},"143":{"start":{"line":590,"column":8},"end":{"line":590,"column":37}},"144":{"start":{"line":599,"column":8},"end":{"line":599,"column":59}},"145":{"start":{"line":600,"column":8},"end":{"line":600,"column":39}},"146":{"start":{"line":601,"column":8},"end":{"line":601,"column":27}},"147":{"start":{"line":603,"column":8},"end":{"line":603,"column":42}},"148":{"start":{"line":612,"column":8},"end":{"line":612,"column":63}},"149":{"start":{"line":613,"column":8},"end":{"line":613,"column":45}},"150":{"start":{"line":614,"column":8},"end":{"line":614,"column":41}},"151":{"start":{"line":616,"column":8},"end":{"line":616,"column":62}},"152":{"start":{"line":625,"column":8},"end":{"line":625,"column":53}},"153":{"start":{"line":626,"column":8},"end":{"line":626,"column":41}},"154":{"start":{"line":627,"column":8},"end":{"line":627,"column":32}},"155":{"start":{"line":629,"column":8},"end":{"line":629,"column":47}},"156":{"start":{"line":636,"column":8},"end":{"line":636,"column":15}},"157":{"start":{"line":643,"column":8},"end":{"line":643,"column":17}},"158":{"start":{"line":653,"column":8},"end":{"line":653,"column":79}},"159":{"start":{"line":655,"column":8},"end":{"line":655,"column":63}},"160":{"start":{"line":656,"column":8},"end":{"line":656,"column":49}},"161":{"start":{"line":657,"column":8},"end":{"line":657,"column":50}},"162":{"start":{"line":659,"column":8},"end":{"line":659,"column":19}},"163":{"start":{"line":665,"column":8},"end":{"line":665,"column":67}},"164":{"start":{"line":666,"column":8},"end":{"line":666,"column":24}}},"branchMap":{"1":{"line":207,"type":"if","locations":[{"start":{"line":207,"column":8},"end":{"line":207,"column":8}},{"start":{"line":207,"column":8},"end":{"line":207,"column":8}}]},"2":{"line":223,"type":"if","locations":[{"start":{"line":223,"column":8},"end":{"line":223,"column":8}},{"start":{"line":223,"column":8},"end":{"line":223,"column":8}}]},"3":{"line":224,"type":"if","locations":[{"start":{"line":224,"column":8},"end":{"line":224,"column":8}},{"start":{"line":224,"column":8},"end":{"line":224,"column":8}}]},"4":{"line":228,"type":"if","locations":[{"start":{"line":228,"column":8},"end":{"line":228,"column":8}},{"start":{"line":228,"column":8},"end":{"line":228,"column":8}}]},"5":{"line":229,"type":"if","locations":[{"start":{"line":229,"column":8},"end":{"line":229,"column":8}},{"start":{"line":229,"column":8},"end":{"line":229,"column":8}}]},"6":{"line":233,"type":"if","locations":[{"start":{"line":233,"column":8},"end":{"line":233,"column":8}},{"start":{"line":233,"column":8},"end":{"line":233,"column":8}}]},"7":{"line":234,"type":"if","locations":[{"start":{"line":234,"column":8},"end":{"line":234,"column":8}},{"start":{"line":234,"column":8},"end":{"line":234,"column":8}}]},"8":{"line":241,"type":"if","locations":[{"start":{"line":241,"column":8},"end":{"line":241,"column":8}},{"start":{"line":241,"column":8},"end":{"line":241,"column":8}}]},"9":{"line":244,"type":"if","locations":[{"start":{"line":244,"column":8},"end":{"line":244,"column":8}},{"start":{"line":244,"column":8},"end":{"line":244,"column":8}}]},"10":{"line":266,"type":"if","locations":[{"start":{"line":266,"column":8},"end":{"line":266,"column":8}},{"start":{"line":266,"column":8},"end":{"line":266,"column":8}}]},"11":{"line":309,"type":"if","locations":[{"start":{"line":309,"column":8},"end":{"line":309,"column":8}},{"start":{"line":309,"column":8},"end":{"line":309,"column":8}}]},"12":{"line":310,"type":"if","locations":[{"start":{"line":310,"column":8},"end":{"line":310,"column":8}},{"start":{"line":310,"column":8},"end":{"line":310,"column":8}}]},"13":{"line":311,"type":"if","locations":[{"start":{"line":311,"column":8},"end":{"line":311,"column":8}},{"start":{"line":311,"column":8},"end":{"line":311,"column":8}}]},"14":{"line":312,"type":"if","locations":[{"start":{"line":312,"column":8},"end":{"line":312,"column":8}},{"start":{"line":312,"column":8},"end":{"line":312,"column":8}}]},"15":{"line":314,"type":"if","locations":[{"start":{"line":314,"column":8},"end":{"line":314,"column":8}},{"start":{"line":314,"column":8},"end":{"line":314,"column":8}}]},"16":{"line":315,"type":"if","locations":[{"start":{"line":315,"column":8},"end":{"line":315,"column":8}},{"start":{"line":315,"column":8},"end":{"line":315,"column":8}}]},"17":{"line":319,"type":"if","locations":[{"start":{"line":319,"column":8},"end":{"line":319,"column":8}},{"start":{"line":319,"column":8},"end":{"line":319,"column":8}}]},"18":{"line":328,"type":"if","locations":[{"start":{"line":328,"column":8},"end":{"line":328,"column":8}},{"start":{"line":328,"column":8},"end":{"line":328,"column":8}}]},"19":{"line":329,"type":"if","locations":[{"start":{"line":329,"column":8},"end":{"line":329,"column":8}},{"start":{"line":329,"column":8},"end":{"line":329,"column":8}}]},"20":{"line":373,"type":"if","locations":[{"start":{"line":373,"column":8},"end":{"line":373,"column":8}},{"start":{"line":373,"column":8},"end":{"line":373,"column":8}}]},"21":{"line":375,"type":"if","locations":[{"start":{"line":375,"column":8},"end":{"line":375,"column":8}},{"start":{"line":375,"column":8},"end":{"line":375,"column":8}}]},"22":{"line":378,"type":"if","locations":[{"start":{"line":378,"column":8},"end":{"line":378,"column":8}},{"start":{"line":378,"column":8},"end":{"line":378,"column":8}}]},"23":{"line":379,"type":"if","locations":[{"start":{"line":379,"column":8},"end":{"line":379,"column":8}},{"start":{"line":379,"column":8},"end":{"line":379,"column":8}}]},"24":{"line":380,"type":"if","locations":[{"start":{"line":380,"column":8},"end":{"line":380,"column":8}},{"start":{"line":380,"column":8},"end":{"line":380,"column":8}}]},"25":{"line":382,"type":"if","locations":[{"start":{"line":382,"column":8},"end":{"line":382,"column":8}},{"start":{"line":382,"column":8},"end":{"line":382,"column":8}}]},"26":{"line":385,"type":"if","locations":[{"start":{"line":385,"column":8},"end":{"line":385,"column":8}},{"start":{"line":385,"column":8},"end":{"line":385,"column":8}}]},"27":{"line":388,"type":"if","locations":[{"start":{"line":388,"column":8},"end":{"line":388,"column":8}},{"start":{"line":388,"column":8},"end":{"line":388,"column":8}}]},"28":{"line":389,"type":"if","locations":[{"start":{"line":389,"column":8},"end":{"line":389,"column":8}},{"start":{"line":389,"column":8},"end":{"line":389,"column":8}}]},"29":{"line":419,"type":"if","locations":[{"start":{"line":419,"column":8},"end":{"line":419,"column":8}},{"start":{"line":419,"column":8},"end":{"line":419,"column":8}}]},"30":{"line":421,"type":"if","locations":[{"start":{"line":421,"column":8},"end":{"line":421,"column":8}},{"start":{"line":421,"column":8},"end":{"line":421,"column":8}}]},"31":{"line":424,"type":"if","locations":[{"start":{"line":424,"column":8},"end":{"line":424,"column":8}},{"start":{"line":424,"column":8},"end":{"line":424,"column":8}}]},"32":{"line":425,"type":"if","locations":[{"start":{"line":425,"column":8},"end":{"line":425,"column":8}},{"start":{"line":425,"column":8},"end":{"line":425,"column":8}}]},"33":{"line":428,"type":"if","locations":[{"start":{"line":428,"column":8},"end":{"line":428,"column":8}},{"start":{"line":428,"column":8},"end":{"line":428,"column":8}}]},"34":{"line":433,"type":"if","locations":[{"start":{"line":433,"column":8},"end":{"line":433,"column":8}},{"start":{"line":433,"column":8},"end":{"line":433,"column":8}}]},"35":{"line":434,"type":"if","locations":[{"start":{"line":434,"column":8},"end":{"line":434,"column":8}},{"start":{"line":434,"column":8},"end":{"line":434,"column":8}}]},"36":{"line":456,"type":"if","locations":[{"start":{"line":456,"column":8},"end":{"line":456,"column":8}},{"start":{"line":456,"column":8},"end":{"line":456,"column":8}}]},"37":{"line":458,"type":"if","locations":[{"start":{"line":458,"column":8},"end":{"line":458,"column":8}},{"start":{"line":458,"column":8},"end":{"line":458,"column":8}}]},"38":{"line":459,"type":"if","locations":[{"start":{"line":459,"column":8},"end":{"line":459,"column":8}},{"start":{"line":459,"column":8},"end":{"line":459,"column":8}}]},"39":{"line":462,"type":"if","locations":[{"start":{"line":462,"column":8},"end":{"line":462,"column":8}},{"start":{"line":462,"column":8},"end":{"line":462,"column":8}}]},"40":{"line":468,"type":"if","locations":[{"start":{"line":468,"column":8},"end":{"line":468,"column":8}},{"start":{"line":468,"column":8},"end":{"line":468,"column":8}}]},"41":{"line":470,"type":"if","locations":[{"start":{"line":470,"column":8},"end":{"line":470,"column":8}},{"start":{"line":470,"column":8},"end":{"line":470,"column":8}}]},"42":{"line":488,"type":"if","locations":[{"start":{"line":488,"column":8},"end":{"line":488,"column":8}},{"start":{"line":488,"column":8},"end":{"line":488,"column":8}}]},"43":{"line":490,"type":"if","locations":[{"start":{"line":490,"column":8},"end":{"line":490,"column":8}},{"start":{"line":490,"column":8},"end":{"line":490,"column":8}}]},"44":{"line":491,"type":"if","locations":[{"start":{"line":491,"column":8},"end":{"line":491,"column":8}},{"start":{"line":491,"column":8},"end":{"line":491,"column":8}}]},"45":{"line":494,"type":"if","locations":[{"start":{"line":494,"column":8},"end":{"line":494,"column":8}},{"start":{"line":494,"column":8},"end":{"line":494,"column":8}}]},"46":{"line":495,"type":"if","locations":[{"start":{"line":495,"column":8},"end":{"line":495,"column":8}},{"start":{"line":495,"column":8},"end":{"line":495,"column":8}}]},"47":{"line":503,"type":"if","locations":[{"start":{"line":503,"column":8},"end":{"line":503,"column":8}},{"start":{"line":503,"column":8},"end":{"line":503,"column":8}}]},"48":{"line":525,"type":"if","locations":[{"start":{"line":525,"column":8},"end":{"line":525,"column":8}},{"start":{"line":525,"column":8},"end":{"line":525,"column":8}}]},"49":{"line":526,"type":"if","locations":[{"start":{"line":526,"column":8},"end":{"line":526,"column":8}},{"start":{"line":526,"column":8},"end":{"line":526,"column":8}}]},"50":{"line":527,"type":"if","locations":[{"start":{"line":527,"column":8},"end":{"line":527,"column":8}},{"start":{"line":527,"column":8},"end":{"line":527,"column":8}}]},"51":{"line":543,"type":"if","locations":[{"start":{"line":543,"column":8},"end":{"line":543,"column":8}},{"start":{"line":543,"column":8},"end":{"line":543,"column":8}}]},"52":{"line":544,"type":"if","locations":[{"start":{"line":544,"column":8},"end":{"line":544,"column":8}},{"start":{"line":544,"column":8},"end":{"line":544,"column":8}}]},"53":{"line":570,"type":"if","locations":[{"start":{"line":570,"column":8},"end":{"line":570,"column":8}},{"start":{"line":570,"column":8},"end":{"line":570,"column":8}}]},"54":{"line":571,"type":"if","locations":[{"start":{"line":571,"column":8},"end":{"line":571,"column":8}},{"start":{"line":571,"column":8},"end":{"line":571,"column":8}}]},"55":{"line":572,"type":"if","locations":[{"start":{"line":572,"column":8},"end":{"line":572,"column":8}},{"start":{"line":572,"column":8},"end":{"line":572,"column":8}}]},"56":{"line":585,"type":"if","locations":[{"start":{"line":585,"column":8},"end":{"line":585,"column":8}},{"start":{"line":585,"column":8},"end":{"line":585,"column":8}}]},"57":{"line":586,"type":"if","locations":[{"start":{"line":586,"column":8},"end":{"line":586,"column":8}},{"start":{"line":586,"column":8},"end":{"line":586,"column":8}}]},"58":{"line":599,"type":"if","locations":[{"start":{"line":599,"column":8},"end":{"line":599,"column":8}},{"start":{"line":599,"column":8},"end":{"line":599,"column":8}}]},"59":{"line":612,"type":"if","locations":[{"start":{"line":612,"column":8},"end":{"line":612,"column":8}},{"start":{"line":612,"column":8},"end":{"line":612,"column":8}}]},"60":{"line":625,"type":"if","locations":[{"start":{"line":625,"column":8},"end":{"line":625,"column":8}},{"start":{"line":625,"column":8},"end":{"line":625,"column":8}}]},"61":{"line":653,"type":"if","locations":[{"start":{"line":653,"column":8},"end":{"line":653,"column":8}},{"start":{"line":653,"column":8},"end":{"line":653,"column":8}}]},"62":{"line":656,"type":"if","locations":[{"start":{"line":656,"column":8},"end":{"line":656,"column":8}},{"start":{"line":656,"column":8},"end":{"line":656,"column":8}}]},"63":{"line":665,"type":"if","locations":[{"start":{"line":665,"column":8},"end":{"line":665,"column":8}},{"start":{"line":665,"column":8},"end":{"line":665,"column":8}}]}}}}